<?xml version="1.0" encoding="UTF-8"?>
<!-- Generated by org.testng.reporters.JUnitReportReporter -->
<testsuite hostname="ARJDU-D-0330" failures="0" tests="3" name="Automation.in.qa.Testcases.SearchTest" time="115.562" errors="0" timestamp="2023-04-30T14:18:55 IST" skipped="0">
  <testcase classname="Automation.in.qa.Testcases.SearchTest" name="verifySearchWithValidProduct" time="40.069"/>
  <system-out/>
  <testcase classname="Automation.in.qa.Testcases.SearchTest" name="verifySearchWithInvalidProduct" time="20.749"/>
  <system-out/>
  <testcase classname="Automation.in.qa.Testcases.SearchTest" name="verifySearchwithoutAnyValue" time="54.744"/>
  <system-out/>
</testsuite> <!-- Automation.in.qa.Testcases.SearchTest -->
