<?xml version="1.0" encoding="UTF-8"?>
<!-- Generated by org.testng.reporters.JUnitReportReporter -->
<testsuite hostname="DESKTOP-TE15IH9" failures="0" tests="1" name="reinsurance.qa.Testcases.LoginTest" time="21.763" errors="0" timestamp="2023-06-17T09:55:57 IST" skipped="0">
  <testcase classname="reinsurance.qa.Testcases.LoginTest" name="verifyLogInWithInvalidCredentials" time="21.763"/>
  <system-out/>
</testsuite> <!-- reinsurance.qa.Testcases.LoginTest -->
