<?xml version="1.0" encoding="UTF-8"?>
<!-- Generated by org.testng.reporters.JUnitReportReporter -->
<testsuite hostname="DESKTOP-TE15IH9" failures="0" tests="1" name="JavaProgram.SwapTheNumber" time="15.542" errors="0" timestamp="2024-06-11T22:55:21 IST" skipped="0">
  <testcase classname="JavaProgram.SwapTheNumber" name="reverseNumberUsingStringBuffer" time="15.542"/>
  <system-out/>
</testsuite> <!-- JavaProgram.SwapTheNumber -->
