<?xml version="1.0" encoding="UTF-8"?>
<!-- Generated by org.testng.reporters.JUnitReportReporter -->
<testsuite hostname="DESKTOP-TE15IH9" failures="0" tests="3" name="SeleniumPractice1.RunAnotations" time="0.103" errors="0" timestamp="2024-12-01T10:26:18 IST" skipped="0">
  <testcase classname="SeleniumPractice1.RunAnotations" name="RegisterPageTest" time="0.089"/>
  <system-out/>
  <testcase classname="SeleniumPractice1.RunAnotations" name="loginTest" time="0.007"/>
  <system-out/>
  <testcase classname="SeleniumPractice1.RunAnotations" name="SearchPageTest" time="0.007"/>
  <system-out/>
</testsuite> <!-- SeleniumPractice1.RunAnotations -->
