<?xml version="1.0" encoding="UTF-8"?>
<!-- Generated by org.testng.reporters.JUnitReportReporter -->
<testsuite hostname="DESKTOP-TE15IH9" failures="0" tests="1" name="SeleniumPractice.SeleniumFindElements" time="18.096" errors="0" timestamp="2024-09-08T08:42:55 IST" skipped="0">
  <testcase classname="SeleniumPractice.SeleniumFindElements" name="checkTheDataPresentInListOrNot" time="18.096"/>
  <system-out/>
</testsuite> <!-- SeleniumPractice.SeleniumFindElements -->
