<?xml version="1.0" encoding="UTF-8"?>
<!-- Generated by org.testng.reporters.JUnitReportReporter -->
<testsuite hostname="DESKTOP-TE15IH9" failures="0" tests="1" name="reinsurance.qa.utils.ReadExcekHashMap" time="3.400" errors="0" timestamp="2023-06-26T11:54:44 IST" skipped="0">
  <testcase classname="reinsurance.qa.utils.ReadExcekHashMap" name="Test1" time="3.400"/>
  <system-out/>
</testsuite> <!-- reinsurance.qa.utils.ReadExcekHashMap -->
