<?xml version="1.0" encoding="UTF-8"?>
<!-- Generated by org.testng.reporters.JUnitReportReporter -->
<testsuite hostname="DESKTOP-TE15IH9" failures="0" tests="1" name="JavaProgram.CheckPalindromeNumber" time="6.757" errors="0" timestamp="2024-06-12T23:18:53 IST" skipped="0">
  <testcase classname="JavaProgram.CheckPalindromeNumber" name="CheckPalindromeUsingStringBufferClass1" time="6.757"/>
  <system-out/>
</testsuite> <!-- JavaProgram.CheckPalindromeNumber -->
