<?xml version="1.0" encoding="UTF-8"?>
<!-- Generated by org.testng.reporters.JUnitReportReporter -->
<testsuite hostname="ARJDU-D-0330" failures="0" tests="6" name="Automation.in.qa.Testcases.LoginTest" time="81.409" errors="0" timestamp="2023-04-29T19:46:17 IST" skipped="0">
  <testcase classname="Automation.in.qa.Testcases.LoginTest" name="verifyLoginWithValidCredentials" time="17.365"/>
  <system-out/>
  <testcase classname="Automation.in.qa.Testcases.LoginTest" name="verifyLoginWithValidCredentials" time="18.648"/>
  <system-out/>
  <testcase classname="Automation.in.qa.Testcases.LoginTest" name="verifyLogInWithInvalidCredentials" time="11.116"/>
  <system-out/>
  <testcase classname="Automation.in.qa.Testcases.LoginTest" name="verifyLogInWithInvalidEmailandValidPassword" time="13.151"/>
  <system-out/>
  <testcase classname="Automation.in.qa.Testcases.LoginTest" name="verifyLogInWithValidEmailandInvalidPassword" time="10.292"/>
  <system-out/>
  <testcase classname="Automation.in.qa.Testcases.LoginTest" name="verifyLogInWithBlankEmailandPassword" time="10.837"/>
  <system-out/>
</testsuite> <!-- Automation.in.qa.Testcases.LoginTest -->
