<?xml version="1.0" encoding="UTF-8"?>
<!-- Generated by org.testng.reporters.JUnitReportReporter -->
<testsuite hostname="DESKTOP-TE15IH9" failures="0" tests="3" name="SeleniumPractice1.Priority" time="0.080" errors="0" timestamp="2024-07-20T22:52:51 IST" skipped="0">
  <testcase classname="SeleniumPractice1.Priority" name="registerTest" time="0.074"/>
  <system-out/>
  <testcase classname="SeleniumPractice1.Priority" name="login" time="0.003"/>
  <system-out/>
  <testcase classname="SeleniumPractice1.Priority" name="homePage" time="0.003"/>
  <system-out/>
</testsuite> <!-- SeleniumPractice1.Priority -->
