<?xml version="1.0" encoding="UTF-8"?>
<!-- Generated by org.testng.reporters.JUnitReportReporter -->
<testsuite hostname="DESKTOP-TE15IH9" failures="0" tests="1" name="JavaProgram.ReverseNumber" time="5.072" errors="0" timestamp="2024-06-11T23:05:04 IST" skipped="0">
  <testcase classname="JavaProgram.ReverseNumber" name="reverseNumberUsingStringBuilderClass" time="5.072"/>
  <system-out/>
</testsuite> <!-- JavaProgram.ReverseNumber -->
