<?xml version="1.0" encoding="UTF-8"?>
<!-- Generated by org.testng.reporters.JUnitReportReporter -->
<testsuite hostname="DESKTOP-TE15IH9" failures="0" tests="1" name="JavaProgram.FactorialNumber" time="3.572" errors="0" timestamp="2024-06-12T22:17:24 IST" skipped="0">
  <testcase classname="JavaProgram.FactorialNumber" name="factorialNumber" time="3.572"/>
  <system-out/>
</testsuite> <!-- JavaProgram.FactorialNumber -->
