<?xml version="1.0" encoding="UTF-8"?>
<!-- Generated by org.testng.reporters.JUnitReportReporter -->
<testsuite hostname="DESKTOP-TE15IH9" failures="0" tests="1" name="JavaProgram.SwapTwoNumbers" time="4.169" errors="0" timestamp="2024-06-12T21:51:33 IST" skipped="0">
  <testcase classname="JavaProgram.SwapTwoNumbers" name="swapByUsingDivisionAndMultiple" time="4.169"/>
  <system-out/>
</testsuite> <!-- JavaProgram.SwapTwoNumbers -->
